<?xml version="1.0" encoding="UTF-8"?>
<testsuites name="TSLog 03 Verifikasi Login" time="66.073" tests="6" failures="0" errors="0">
   <testsuite name="TSLog 03 Verifikasi Login" tests="6" failures="0" errors="0" time="66.073" skipped="0" timestamp="2023-04-18 13:17:52" hostname="LENOVO - DESKTOP-0EH6HA0" id="Test Suites/TSLog 03 Verifikasi Login">
      <properties>
[...]
</properties>
      <testcase name="Test Cases/Login/Negative/TCLog 05 Akun tidak terdaftar" time="10.906" classname="Test Cases/Login/Negative/TCLog 05 Akun tidak terdaftar" status="PASSED">
         <system-out><![CDATA[2023-04-18 13:17:53 - [TEST_CASE][PASSED] - Test Cases/Login/Negative/TCLog 05 Akun tidak terdaftar: Test Cases/Login/Negative/TCLog 05 Akun tidak terdaftar

2023-04-18 13:17:53 - [TEST_STEP][PASSED] - openBrowser(""): Browser is opened with url: ''

2023-04-18 13:17:55 - [MESSAGE][INFO] - Starting 'Chrome' driver

2023-04-18 13:17:55 - [MESSAGE][INFO] - Action delay is set to 0 milliseconds

2023-04-18 13:17:58 - [MESSAGE][PASSED] - Browser is opened with url: ''

2023-04-18 13:17:58 - [TEST_STEP][PASSED] - navigateToUrl("https://www.saucedemo.com/ "): Navigate to 'https://www.saucedemo.com/' successfully

2023-04-18 13:17:59 - [MESSAGE][PASSED] - Navigate to 'https://www.saucedemo.com/' successfully

2023-04-18 13:17:59 - [TEST_STEP][PASSED] - setText(findTestObject("Login/input_user-name"), "user assasin"): Text 'user assasin' is set on object 'Object Repository/Login/input_user-name'

2023-04-18 13:18:00 - [MESSAGE][PASSED] - Text 'user assasin' is set on object 'Object Repository/Login/input_user-name'

2023-04-18 13:18:00 - [TEST_STEP][PASSED] - setText(findTestObject("Login/input_password"), "assasin"): Text 'assasin' is set on object 'Object Repository/Login/input_password'

2023-04-18 13:18:01 - [MESSAGE][PASSED] - Text 'assasin' is set on object 'Object Repository/Login/input_password'

2023-04-18 13:18:01 - [TEST_STEP][PASSED] - takeFullPageScreenshot(): Taking screenshot successfully

2023-04-18 13:18:02 - [MESSAGE][INFO] - 0 hidden object(s)

2023-04-18 13:18:02 - [MESSAGE][PASSED] - Taking screenshot successfully
[[ATTACHMENT|C:\\Users\\LENOVO\\git\\Katalon-Data-Driven-Testing\\Reports\\20230418_131747\\TSLog 03 Verifikasi Login\\20230418_131747\\1681798681606.png]]

2023-04-18 13:18:02 - [TEST_STEP][PASSED] - click(findTestObject("Login/input_login-button")): Object: 'Object Repository/Login/input_login-button' is clicked on

2023-04-18 13:18:02 - [MESSAGE][PASSED] - Object: 'Object Repository/Login/input_login-button' is clicked on

2023-04-18 13:18:02 - [TEST_STEP][PASSED] - verifyElementPresent(findTestObject("Login/alert/h3_Username and password do not match"), 0): Object 'Object Repository/Login/alert/h3_Username and password do not match' is present

2023-04-18 13:18:03 - [MESSAGE][WARNING] - Timeout '0' is invalid. Using default page load timeout: '30'

2023-04-18 13:18:03 - [MESSAGE][PASSED] - Object 'Object Repository/Login/alert/h3_Username and password do not match' is present

2023-04-18 13:18:03 - [TEST_STEP][PASSED] - takeFullPageScreenshot(): Taking screenshot successfully

2023-04-18 13:18:03 - [MESSAGE][INFO] - 0 hidden object(s)

2023-04-18 13:18:03 - [MESSAGE][PASSED] - Taking screenshot successfully
[[ATTACHMENT|C:\\Users\\LENOVO\\git\\Katalon-Data-Driven-Testing\\Reports\\20230418_131747\\TSLog 03 Verifikasi Login\\20230418_131747\\1681798683375.png]]]]></system-out>
         <system-err><![CDATA[]]></system-err>
      </testcase>
      <testcase name="Test Cases/Login/Negative/TCLog 06 Input username null dan password valid" time="8.425" classname="Test Cases/Login/Negative/TCLog 06 Input username null dan password valid" status="PASSED">
         <system-out><![CDATA[2023-04-18 13:18:03 - [TEST_CASE][PASSED] - Test Cases/Login/Negative/TCLog 06 Input username null dan password valid: Test Cases/Login/Negative/TCLog 06 Input username null dan password valid

2023-04-18 13:18:04 - [TEST_STEP][PASSED] - openBrowser(""): Browser is opened with url: ''

2023-04-18 13:18:04 - [MESSAGE][WARNING] - A browser is already opened. Closing browser and opening a new one

2023-04-18 13:18:05 - [MESSAGE][INFO] - Starting 'Chrome' driver

2023-04-18 13:18:05 - [MESSAGE][INFO] - Action delay is set to 0 milliseconds

2023-04-18 13:18:07 - [MESSAGE][PASSED] - Browser is opened with url: ''

2023-04-18 13:18:07 - [TEST_STEP][PASSED] - navigateToUrl("https://www.saucedemo.com/ "): Navigate to 'https://www.saucedemo.com/' successfully

2023-04-18 13:18:08 - [MESSAGE][PASSED] - Navigate to 'https://www.saucedemo.com/' successfully

2023-04-18 13:18:08 - [TEST_STEP][PASSED] - setText(findTestObject("Login/input_user-name"), ""): Text '' is set on object 'Object Repository/Login/input_user-name'

2023-04-18 13:18:09 - [MESSAGE][PASSED] - Text '' is set on object 'Object Repository/Login/input_user-name'

2023-04-18 13:18:09 - [TEST_STEP][PASSED] - setText(findTestObject("Login/input_password"), password): Text 'secret_sauce' is set on object 'Object Repository/Login/input_password'

2023-04-18 13:18:10 - [MESSAGE][PASSED] - Text 'secret_sauce' is set on object 'Object Repository/Login/input_password'

2023-04-18 13:18:10 - [TEST_STEP][PASSED] - takeFullPageScreenshot(): Taking screenshot successfully

2023-04-18 13:18:10 - [MESSAGE][INFO] - 0 hidden object(s)

2023-04-18 13:18:10 - [MESSAGE][PASSED] - Taking screenshot successfully
[[ATTACHMENT|C:\\Users\\LENOVO\\git\\Katalon-Data-Driven-Testing\\Reports\\20230418_131747\\TSLog 03 Verifikasi Login\\20230418_131747\\1681798690387.png]]

2023-04-18 13:18:10 - [TEST_STEP][PASSED] - click(findTestObject("Login/input_login-button")): Object: 'Object Repository/Login/input_login-button' is clicked on

2023-04-18 13:18:11 - [MESSAGE][PASSED] - Object: 'Object Repository/Login/input_login-button' is clicked on

2023-04-18 13:18:11 - [TEST_STEP][PASSED] - verifyElementPresent(findTestObject("Login/alert/h3_Username is required"), 0): Object 'Object Repository/Login/alert/h3_Username is required' is present

2023-04-18 13:18:11 - [MESSAGE][WARNING] - Timeout '0' is invalid. Using default page load timeout: '30'

2023-04-18 13:18:11 - [MESSAGE][PASSED] - Object 'Object Repository/Login/alert/h3_Username is required' is present

2023-04-18 13:18:11 - [TEST_STEP][PASSED] - takeFullPageScreenshot(): Taking screenshot successfully

2023-04-18 13:18:12 - [MESSAGE][INFO] - 0 hidden object(s)

2023-04-18 13:18:12 - [MESSAGE][PASSED] - Taking screenshot successfully
[[ATTACHMENT|C:\\Users\\LENOVO\\git\\Katalon-Data-Driven-Testing\\Reports\\20230418_131747\\TSLog 03 Verifikasi Login\\20230418_131747\\1681798691866.png]]]]></system-out>
         <system-err><![CDATA[]]></system-err>
      </testcase>
      <testcase name="Test Cases/Login/Negative/TCLog 07 Input username valid password null" time="8.597" classname="Test Cases/Login/Negative/TCLog 07 Input username valid password null" status="PASSED">
         <system-out><![CDATA[2023-04-18 13:18:12 - [TEST_CASE][PASSED] - Test Cases/Login/Negative/TCLog 07 Input username valid password null: Test Cases/Login/Negative/TCLog 07 Input username valid password null

2023-04-18 13:18:12 - [TEST_STEP][PASSED] - openBrowser(""): Browser is opened with url: ''

2023-04-18 13:18:12 - [MESSAGE][WARNING] - A browser is already opened. Closing browser and opening a new one

2023-04-18 13:18:14 - [MESSAGE][INFO] - Starting 'Chrome' driver

2023-04-18 13:18:14 - [MESSAGE][INFO] - Action delay is set to 0 milliseconds

2023-04-18 13:18:15 - [MESSAGE][PASSED] - Browser is opened with url: ''

2023-04-18 13:18:15 - [TEST_STEP][PASSED] - navigateToUrl("https://www.saucedemo.com/ "): Navigate to 'https://www.saucedemo.com/' successfully

2023-04-18 13:18:17 - [MESSAGE][PASSED] - Navigate to 'https://www.saucedemo.com/' successfully

2023-04-18 13:18:17 - [TEST_STEP][PASSED] - setText(findTestObject("Login/input_user-name"), username2): Text 'problem_user' is set on object 'Object Repository/Login/input_user-name'

2023-04-18 13:18:18 - [MESSAGE][PASSED] - Text 'problem_user' is set on object 'Object Repository/Login/input_user-name'

2023-04-18 13:18:18 - [TEST_STEP][PASSED] - setText(findTestObject("Login/input_password"), ""): Text '' is set on object 'Object Repository/Login/input_password'

2023-04-18 13:18:18 - [MESSAGE][PASSED] - Text '' is set on object 'Object Repository/Login/input_password'

2023-04-18 13:18:18 - [TEST_STEP][PASSED] - takeFullPageScreenshot(): Taking screenshot successfully

2023-04-18 13:18:19 - [MESSAGE][INFO] - 0 hidden object(s)

2023-04-18 13:18:19 - [MESSAGE][PASSED] - Taking screenshot successfully
[[ATTACHMENT|C:\\Users\\LENOVO\\git\\Katalon-Data-Driven-Testing\\Reports\\20230418_131747\\TSLog 03 Verifikasi Login\\20230418_131747\\1681798698968.png]]

2023-04-18 13:18:19 - [TEST_STEP][PASSED] - click(findTestObject("Login/input_login-button")): Object: 'Object Repository/Login/input_login-button' is clicked on

2023-04-18 13:18:19 - [MESSAGE][PASSED] - Object: 'Object Repository/Login/input_login-button' is clicked on

2023-04-18 13:18:19 - [TEST_STEP][PASSED] - verifyElementPresent(findTestObject("Login/alert/h3_Password is required"), 0): Object 'Object Repository/Login/alert/h3_Password is required' is present

2023-04-18 13:18:20 - [MESSAGE][WARNING] - Timeout '0' is invalid. Using default page load timeout: '30'

2023-04-18 13:18:20 - [MESSAGE][PASSED] - Object 'Object Repository/Login/alert/h3_Password is required' is present

2023-04-18 13:18:20 - [TEST_STEP][PASSED] - takeFullPageScreenshot(): Taking screenshot successfully

2023-04-18 13:18:20 - [MESSAGE][INFO] - 0 hidden object(s)

2023-04-18 13:18:20 - [MESSAGE][PASSED] - Taking screenshot successfully
[[ATTACHMENT|C:\\Users\\LENOVO\\git\\Katalon-Data-Driven-Testing\\Reports\\20230418_131747\\TSLog 03 Verifikasi Login\\20230418_131747\\1681798700378.png]]]]></system-out>
         <system-err><![CDATA[]]></system-err>
      </testcase>
      <testcase name="Test Cases/Login/Negative/TCLog 08 Input username dan password null" time="14.037" classname="Test Cases/Login/Negative/TCLog 08 Input username dan password null" status="PASSED">
         <system-out><![CDATA[2023-04-18 13:18:20 - [TEST_CASE][PASSED] - Test Cases/Login/Negative/TCLog 08 Input username dan password null: Test Cases/Login/Negative/TCLog 08 Input username dan password null

2023-04-18 13:18:21 - [TEST_STEP][PASSED] - openBrowser(""): Browser is opened with url: ''

2023-04-18 13:18:21 - [MESSAGE][WARNING] - A browser is already opened. Closing browser and opening a new one

2023-04-18 13:18:23 - [MESSAGE][INFO] - Starting 'Chrome' driver

2023-04-18 13:18:23 - [MESSAGE][INFO] - Action delay is set to 0 milliseconds

2023-04-18 13:18:24 - [MESSAGE][PASSED] - Browser is opened with url: ''

2023-04-18 13:18:24 - [TEST_STEP][PASSED] - navigateToUrl("https://www.saucedemo.com/ "): Navigate to 'https://www.saucedemo.com/' successfully

2023-04-18 13:18:31 - [MESSAGE][PASSED] - Navigate to 'https://www.saucedemo.com/' successfully

2023-04-18 13:18:31 - [TEST_STEP][PASSED] - setText(findTestObject("Login/input_user-name"), ""): Text '' is set on object 'Object Repository/Login/input_user-name'

2023-04-18 13:18:32 - [MESSAGE][PASSED] - Text '' is set on object 'Object Repository/Login/input_user-name'

2023-04-18 13:18:32 - [TEST_STEP][PASSED] - setText(findTestObject("Login/input_password"), ""): Text '' is set on object 'Object Repository/Login/input_password'

2023-04-18 13:18:33 - [MESSAGE][PASSED] - Text '' is set on object 'Object Repository/Login/input_password'

2023-04-18 13:18:33 - [TEST_STEP][PASSED] - takeFullPageScreenshot(): Taking screenshot successfully

2023-04-18 13:18:33 - [MESSAGE][INFO] - 0 hidden object(s)

2023-04-18 13:18:33 - [MESSAGE][PASSED] - Taking screenshot successfully
[[ATTACHMENT|C:\\Users\\LENOVO\\git\\Katalon-Data-Driven-Testing\\Reports\\20230418_131747\\TSLog 03 Verifikasi Login\\20230418_131747\\1681798713067.png]]

2023-04-18 13:18:33 - [TEST_STEP][PASSED] - click(findTestObject("Login/input_login-button")): Object: 'Object Repository/Login/input_login-button' is clicked on

2023-04-18 13:18:34 - [MESSAGE][PASSED] - Object: 'Object Repository/Login/input_login-button' is clicked on

2023-04-18 13:18:34 - [TEST_STEP][PASSED] - verifyElementPresent(findTestObject("Login/alert/h3_Username is required"), 0): Object 'Object Repository/Login/alert/h3_Username is required' is present

2023-04-18 13:18:34 - [MESSAGE][WARNING] - Timeout '0' is invalid. Using default page load timeout: '30'

2023-04-18 13:18:34 - [MESSAGE][PASSED] - Object 'Object Repository/Login/alert/h3_Username is required' is present

2023-04-18 13:18:34 - [TEST_STEP][PASSED] - takeFullPageScreenshot(): Taking screenshot successfully

2023-04-18 13:18:34 - [MESSAGE][INFO] - 0 hidden object(s)

2023-04-18 13:18:35 - [MESSAGE][PASSED] - Taking screenshot successfully
[[ATTACHMENT|C:\\Users\\LENOVO\\git\\Katalon-Data-Driven-Testing\\Reports\\20230418_131747\\TSLog 03 Verifikasi Login\\20230418_131747\\1681798714518.png]]]]></system-out>
         <system-err><![CDATA[]]></system-err>
      </testcase>
      <testcase name="Test Cases/Login/Negative/TCLog 09 Input username with number" time="7.56" classname="Test Cases/Login/Negative/TCLog 09 Input username with number" status="PASSED">
         <system-out><![CDATA[2023-04-18 13:18:35 - [TEST_CASE][PASSED] - Test Cases/Login/Negative/TCLog 09 Input username with number: Test Cases/Login/Negative/TCLog 09 Input username with number

2023-04-18 13:18:35 - [TEST_STEP][PASSED] - openBrowser(""): Browser is opened with url: ''

2023-04-18 13:18:35 - [MESSAGE][WARNING] - A browser is already opened. Closing browser and opening a new one

2023-04-18 13:18:36 - [MESSAGE][INFO] - Starting 'Chrome' driver

2023-04-18 13:18:36 - [MESSAGE][INFO] - Action delay is set to 0 milliseconds

2023-04-18 13:18:37 - [MESSAGE][PASSED] - Browser is opened with url: ''

2023-04-18 13:18:37 - [TEST_STEP][PASSED] - navigateToUrl("https://www.saucedemo.com/ "): Navigate to 'https://www.saucedemo.com/' successfully

2023-04-18 13:18:38 - [MESSAGE][PASSED] - Navigate to 'https://www.saucedemo.com/' successfully

2023-04-18 13:18:38 - [TEST_STEP][PASSED] - setText(findTestObject("Login/input_user-name"), "standard_123"): Text 'standard_123' is set on object 'Object Repository/Login/input_user-name'

2023-04-18 13:18:39 - [MESSAGE][PASSED] - Text 'standard_123' is set on object 'Object Repository/Login/input_user-name'

2023-04-18 13:18:39 - [TEST_STEP][PASSED] - setText(findTestObject("Login/input_password"), "secret_user"): Text 'secret_user' is set on object 'Object Repository/Login/input_password'

2023-04-18 13:18:40 - [MESSAGE][PASSED] - Text 'secret_user' is set on object 'Object Repository/Login/input_password'

2023-04-18 13:18:40 - [TEST_STEP][PASSED] - takeFullPageScreenshot(): Taking screenshot successfully

2023-04-18 13:18:41 - [MESSAGE][INFO] - 0 hidden object(s)

2023-04-18 13:18:41 - [MESSAGE][PASSED] - Taking screenshot successfully
[[ATTACHMENT|C:\\Users\\LENOVO\\git\\Katalon-Data-Driven-Testing\\Reports\\20230418_131747\\TSLog 03 Verifikasi Login\\20230418_131747\\1681798720597.png]]

2023-04-18 13:18:41 - [TEST_STEP][PASSED] - click(findTestObject("Login/input_login-button")): Object: 'Object Repository/Login/input_login-button' is clicked on

2023-04-18 13:18:41 - [MESSAGE][PASSED] - Object: 'Object Repository/Login/input_login-button' is clicked on

2023-04-18 13:18:41 - [TEST_STEP][PASSED] - verifyElementPresent(findTestObject("Login/alert/h3_Username and password do not match"), 0): Object 'Object Repository/Login/alert/h3_Username and password do not match' is present

2023-04-18 13:18:41 - [MESSAGE][WARNING] - Timeout '0' is invalid. Using default page load timeout: '30'

2023-04-18 13:18:42 - [MESSAGE][PASSED] - Object 'Object Repository/Login/alert/h3_Username and password do not match' is present

2023-04-18 13:18:42 - [TEST_STEP][PASSED] - takeFullPageScreenshot(): Taking screenshot successfully

2023-04-18 13:18:42 - [MESSAGE][INFO] - 0 hidden object(s)

2023-04-18 13:18:42 - [MESSAGE][PASSED] - Taking screenshot successfully
[[ATTACHMENT|C:\\Users\\LENOVO\\git\\Katalon-Data-Driven-Testing\\Reports\\20230418_131747\\TSLog 03 Verifikasi Login\\20230418_131747\\1681798722087.png]]]]></system-out>
         <system-err><![CDATA[]]></system-err>
      </testcase>
      <testcase name="Test Cases/Login/Negative/TCLog 10 Input username with character" time="15.917" classname="Test Cases/Login/Negative/TCLog 10 Input username with character" status="PASSED">
         <system-out><![CDATA[2023-04-18 13:18:42 - [TEST_CASE][PASSED] - Test Cases/Login/Negative/TCLog 10 Input username with character: Test Cases/Login/Negative/TCLog 10 Input username with character

2023-04-18 13:18:43 - [TEST_STEP][PASSED] - openBrowser(""): Browser is opened with url: ''

2023-04-18 13:18:43 - [MESSAGE][WARNING] - A browser is already opened. Closing browser and opening a new one

2023-04-18 13:18:50 - [MESSAGE][INFO] - Starting 'Chrome' driver

2023-04-18 13:18:50 - [MESSAGE][INFO] - Action delay is set to 0 milliseconds

2023-04-18 13:18:52 - [MESSAGE][PASSED] - Browser is opened with url: ''

2023-04-18 13:18:52 - [TEST_STEP][PASSED] - navigateToUrl("https://www.saucedemo.com/ "): Navigate to 'https://www.saucedemo.com/' successfully

2023-04-18 13:18:53 - [MESSAGE][PASSED] - Navigate to 'https://www.saucedemo.com/' successfully

2023-04-18 13:18:53 - [TEST_STEP][PASSED] - setText(findTestObject("Login/input_user-name"), "standard_123!@"): Text 'standard_123!@' is set on object 'Object Repository/Login/input_user-name'

2023-04-18 13:18:55 - [MESSAGE][PASSED] - Text 'standard_123!@' is set on object 'Object Repository/Login/input_user-name'

2023-04-18 13:18:55 - [TEST_STEP][PASSED] - setText(findTestObject("Login/input_password"), "secret_user"): Text 'secret_user' is set on object 'Object Repository/Login/input_password'

2023-04-18 13:18:56 - [MESSAGE][PASSED] - Text 'secret_user' is set on object 'Object Repository/Login/input_password'

2023-04-18 13:18:56 - [TEST_STEP][PASSED] - takeFullPageScreenshot(): Taking screenshot successfully

2023-04-18 13:18:56 - [MESSAGE][INFO] - 0 hidden object(s)

2023-04-18 13:18:56 - [MESSAGE][PASSED] - Taking screenshot successfully
[[ATTACHMENT|C:\\Users\\LENOVO\\git\\Katalon-Data-Driven-Testing\\Reports\\20230418_131747\\TSLog 03 Verifikasi Login\\20230418_131747\\1681798736160.png]]

2023-04-18 13:18:56 - [TEST_STEP][PASSED] - click(findTestObject("Login/input_login-button")): Object: 'Object Repository/Login/input_login-button' is clicked on

2023-04-18 13:18:57 - [MESSAGE][PASSED] - Object: 'Object Repository/Login/input_login-button' is clicked on

2023-04-18 13:18:57 - [TEST_STEP][PASSED] - verifyElementPresent(findTestObject("Login/alert/h3_Username and password do not match"), 0): Object 'Object Repository/Login/alert/h3_Username and password do not match' is present

2023-04-18 13:18:57 - [MESSAGE][WARNING] - Timeout '0' is invalid. Using default page load timeout: '30'

2023-04-18 13:18:57 - [MESSAGE][PASSED] - Object 'Object Repository/Login/alert/h3_Username and password do not match' is present

2023-04-18 13:18:57 - [TEST_STEP][PASSED] - takeFullPageScreenshot(): Taking screenshot successfully

2023-04-18 13:18:58 - [MESSAGE][INFO] - 0 hidden object(s)

2023-04-18 13:18:58 - [MESSAGE][PASSED] - Taking screenshot successfully
[[ATTACHMENT|C:\\Users\\LENOVO\\git\\Katalon-Data-Driven-Testing\\Reports\\20230418_131747\\TSLog 03 Verifikasi Login\\20230418_131747\\1681798737967.png]]]]></system-out>
         <system-err><![CDATA[]]></system-err>
      </testcase>
      <system-out><![CDATA[2023-04-18 13:17:52 - [TEST_SUITE][PASSED] - TSLog 03 Verifikasi Login: Test Cases/Login/Negative/TCLog 10 Input username with character]]></system-out>
      <system-err><![CDATA[]]></system-err>
   </testsuite>
</testsuites>
