<?xml version="1.0" encoding="UTF-8"?>
<testsuites name="TSLog 01 Akun 5 Data Files" time="64.974" tests="6" failures="0" errors="0">
   <testsuite name="TSLog 01 Akun 5 Data Files" tests="6" failures="0" errors="0" time="64.974" skipped="0" timestamp="2023-04-18 13:15:26" hostname="LENOVO - DESKTOP-0EH6HA0" id="Test Suites/TSLog 01 Akun 5 Data Files">
      <properties>
[...]
</properties>
      <testcase name="Test Cases/Login/Positive/TCLog 01 Akun 1 (5 Data files)" time="10.733" classname="Test Cases/Login/Positive/TCLog 01 Akun 1 (5 Data files)" status="PASSED">
         <system-out><![CDATA[2023-04-18 13:15:27 - [TEST_CASE][PASSED] - Test Cases/Login/Positive/TCLog 01 Akun 1 (5 Data files): Test Cases/Login/Positive/TCLog 01 Akun 1 (5 Data files)

2023-04-18 13:15:28 - [TEST_STEP][PASSED] - openBrowser(""): Browser is opened with url: ''

2023-04-18 13:15:29 - [MESSAGE][INFO] - Starting 'Chrome' driver

2023-04-18 13:15:29 - [MESSAGE][INFO] - Action delay is set to 0 milliseconds

2023-04-18 13:15:32 - [MESSAGE][PASSED] - Browser is opened with url: ''

2023-04-18 13:15:32 - [TEST_STEP][PASSED] - navigateToUrl("https://www.saucedemo.com/ "): Navigate to 'https://www.saucedemo.com/' successfully

2023-04-18 13:15:33 - [MESSAGE][PASSED] - Navigate to 'https://www.saucedemo.com/' successfully

2023-04-18 13:15:33 - [TEST_STEP][PASSED] - setText(findTestObject("Login/input_user-name"), username): Text 'standard_user' is set on object 'Object Repository/Login/input_user-name'

2023-04-18 13:15:34 - [MESSAGE][PASSED] - Text 'standard_user' is set on object 'Object Repository/Login/input_user-name'

2023-04-18 13:15:34 - [TEST_STEP][PASSED] - setText(findTestObject("Login/input_password"), password): Text 'secret_sauce' is set on object 'Object Repository/Login/input_password'

2023-04-18 13:15:35 - [MESSAGE][PASSED] - Text 'secret_sauce' is set on object 'Object Repository/Login/input_password'

2023-04-18 13:15:35 - [TEST_STEP][PASSED] - takeFullPageScreenshot(): Taking screenshot successfully

2023-04-18 13:15:35 - [MESSAGE][INFO] - 0 hidden object(s)

2023-04-18 13:15:35 - [MESSAGE][PASSED] - Taking screenshot successfully
[[ATTACHMENT|C:\\Users\\LENOVO\\git\\Katalon-Data-Driven-Testing\\Reports\\20230418_131522\\TSLog 01 Akun 5 Data Files\\20230418_131522\\1681798535184.png]]

2023-04-18 13:15:35 - [TEST_STEP][PASSED] - click(findTestObject("Login/input_login-button")): Object: 'Object Repository/Login/input_login-button' is clicked on

2023-04-18 13:15:36 - [MESSAGE][PASSED] - Object: 'Object Repository/Login/input_login-button' is clicked on

2023-04-18 13:15:36 - [TEST_STEP][PASSED] - takeFullPageScreenshot(): Taking screenshot successfully

2023-04-18 13:15:37 - [MESSAGE][INFO] - 0 hidden object(s)

2023-04-18 13:15:38 - [MESSAGE][PASSED] - Taking screenshot successfully
[[ATTACHMENT|C:\\Users\\LENOVO\\git\\Katalon-Data-Driven-Testing\\Reports\\20230418_131522\\TSLog 01 Akun 5 Data Files\\20230418_131522\\1681798536883.png]]]]></system-out>
         <system-err><![CDATA[]]></system-err>
      </testcase>
      <testcase name="Test Cases/Login/Positive/TCLog 01 Akun 1 (5 Data files)" time="8.709" classname="Test Cases/Login/Positive/TCLog 01 Akun 1 (5 Data files)" status="PASSED">
         <system-out><![CDATA[2023-04-18 13:15:38 - [TEST_CASE][PASSED] - Test Cases/Login/Positive/TCLog 01 Akun 1 (5 Data files): Test Cases/Login/Positive/TCLog 01 Akun 1 (5 Data files)

2023-04-18 13:15:38 - [TEST_STEP][PASSED] - openBrowser(""): Browser is opened with url: ''

2023-04-18 13:15:38 - [MESSAGE][WARNING] - A browser is already opened. Closing browser and opening a new one

2023-04-18 13:15:39 - [MESSAGE][INFO] - Starting 'Chrome' driver

2023-04-18 13:15:39 - [MESSAGE][INFO] - Action delay is set to 0 milliseconds

2023-04-18 13:15:41 - [MESSAGE][PASSED] - Browser is opened with url: ''

2023-04-18 13:15:41 - [TEST_STEP][PASSED] - navigateToUrl("https://www.saucedemo.com/ "): Navigate to 'https://www.saucedemo.com/' successfully

2023-04-18 13:15:42 - [MESSAGE][PASSED] - Navigate to 'https://www.saucedemo.com/' successfully

2023-04-18 13:15:42 - [TEST_STEP][PASSED] - setText(findTestObject("Login/input_user-name"), username): Text 'problem_user' is set on object 'Object Repository/Login/input_user-name'

2023-04-18 13:15:43 - [MESSAGE][PASSED] - Text 'problem_user' is set on object 'Object Repository/Login/input_user-name'

2023-04-18 13:15:43 - [TEST_STEP][PASSED] - setText(findTestObject("Login/input_password"), password): Text 'secret_sauce' is set on object 'Object Repository/Login/input_password'

2023-04-18 13:15:44 - [MESSAGE][PASSED] - Text 'secret_sauce' is set on object 'Object Repository/Login/input_password'

2023-04-18 13:15:44 - [TEST_STEP][PASSED] - takeFullPageScreenshot(): Taking screenshot successfully

2023-04-18 13:15:44 - [MESSAGE][INFO] - 0 hidden object(s)

2023-04-18 13:15:44 - [MESSAGE][PASSED] - Taking screenshot successfully
[[ATTACHMENT|C:\\Users\\LENOVO\\git\\Katalon-Data-Driven-Testing\\Reports\\20230418_131522\\TSLog 01 Akun 5 Data Files\\20230418_131522\\1681798544313.png]]

2023-04-18 13:15:44 - [TEST_STEP][PASSED] - click(findTestObject("Login/input_login-button")): Object: 'Object Repository/Login/input_login-button' is clicked on

2023-04-18 13:15:45 - [MESSAGE][PASSED] - Object: 'Object Repository/Login/input_login-button' is clicked on

2023-04-18 13:15:45 - [TEST_STEP][PASSED] - takeFullPageScreenshot(): Taking screenshot successfully

2023-04-18 13:15:46 - [MESSAGE][INFO] - 0 hidden object(s)

2023-04-18 13:15:47 - [MESSAGE][PASSED] - Taking screenshot successfully
[[ATTACHMENT|C:\\Users\\LENOVO\\git\\Katalon-Data-Driven-Testing\\Reports\\20230418_131522\\TSLog 01 Akun 5 Data Files\\20230418_131522\\1681798545402.png]]]]></system-out>
         <system-err><![CDATA[]]></system-err>
      </testcase>
      <testcase name="Test Cases/Login/Positive/TCLog 01 Akun 1 (5 Data files)" time="13.466" classname="Test Cases/Login/Positive/TCLog 01 Akun 1 (5 Data files)" status="PASSED">
         <system-out><![CDATA[2023-04-18 13:15:47 - [TEST_CASE][PASSED] - Test Cases/Login/Positive/TCLog 01 Akun 1 (5 Data files): Test Cases/Login/Positive/TCLog 01 Akun 1 (5 Data files)

2023-04-18 13:15:47 - [TEST_STEP][PASSED] - openBrowser(""): Browser is opened with url: ''

2023-04-18 13:15:47 - [MESSAGE][WARNING] - A browser is already opened. Closing browser and opening a new one

2023-04-18 13:15:48 - [MESSAGE][INFO] - Starting 'Chrome' driver

2023-04-18 13:15:48 - [MESSAGE][INFO] - Action delay is set to 0 milliseconds

2023-04-18 13:15:50 - [MESSAGE][PASSED] - Browser is opened with url: ''

2023-04-18 13:15:50 - [TEST_STEP][PASSED] - navigateToUrl("https://www.saucedemo.com/ "): Navigate to 'https://www.saucedemo.com/' successfully

2023-04-18 13:15:51 - [MESSAGE][PASSED] - Navigate to 'https://www.saucedemo.com/' successfully

2023-04-18 13:15:51 - [TEST_STEP][PASSED] - setText(findTestObject("Login/input_user-name"), username): Text 'performance_glitch_user' is set on object 'Object Repository/Login/input_user-name'

2023-04-18 13:15:52 - [MESSAGE][PASSED] - Text 'performance_glitch_user' is set on object 'Object Repository/Login/input_user-name'

2023-04-18 13:15:52 - [TEST_STEP][PASSED] - setText(findTestObject("Login/input_password"), password): Text 'secret_sauce' is set on object 'Object Repository/Login/input_password'

2023-04-18 13:15:52 - [MESSAGE][PASSED] - Text 'secret_sauce' is set on object 'Object Repository/Login/input_password'

2023-04-18 13:15:52 - [TEST_STEP][PASSED] - takeFullPageScreenshot(): Taking screenshot successfully

2023-04-18 13:15:53 - [MESSAGE][INFO] - 0 hidden object(s)

2023-04-18 13:15:53 - [MESSAGE][PASSED] - Taking screenshot successfully
[[ATTACHMENT|C:\\Users\\LENOVO\\git\\Katalon-Data-Driven-Testing\\Reports\\20230418_131522\\TSLog 01 Akun 5 Data Files\\20230418_131522\\1681798552919.png]]

2023-04-18 13:15:53 - [TEST_STEP][PASSED] - click(findTestObject("Login/input_login-button")): Object: 'Object Repository/Login/input_login-button' is clicked on

2023-04-18 13:15:59 - [MESSAGE][PASSED] - Object: 'Object Repository/Login/input_login-button' is clicked on

2023-04-18 13:15:59 - [TEST_STEP][PASSED] - takeFullPageScreenshot(): Taking screenshot successfully

2023-04-18 13:16:00 - [MESSAGE][INFO] - 0 hidden object(s)

2023-04-18 13:16:00 - [MESSAGE][PASSED] - Taking screenshot successfully
[[ATTACHMENT|C:\\Users\\LENOVO\\git\\Katalon-Data-Driven-Testing\\Reports\\20230418_131522\\TSLog 01 Akun 5 Data Files\\20230418_131522\\1681798559236.png]]]]></system-out>
         <system-err><![CDATA[]]></system-err>
      </testcase>
      <testcase name="Test Cases/Login/Positive/TCLog 01 Akun 1 (5 Data files)" time="6.619" classname="Test Cases/Login/Positive/TCLog 01 Akun 1 (5 Data files)" status="PASSED">
         <system-out><![CDATA[2023-04-18 13:16:00 - [TEST_CASE][PASSED] - Test Cases/Login/Positive/TCLog 01 Akun 1 (5 Data files): Test Cases/Login/Positive/TCLog 01 Akun 1 (5 Data files)

2023-04-18 13:16:00 - [TEST_STEP][PASSED] - openBrowser(""): Browser is opened with url: ''

2023-04-18 13:16:00 - [MESSAGE][WARNING] - A browser is already opened. Closing browser and opening a new one

2023-04-18 13:16:01 - [MESSAGE][INFO] - Starting 'Chrome' driver

2023-04-18 13:16:01 - [MESSAGE][INFO] - Action delay is set to 0 milliseconds

2023-04-18 13:16:03 - [MESSAGE][PASSED] - Browser is opened with url: ''

2023-04-18 13:16:03 - [TEST_STEP][PASSED] - navigateToUrl("https://www.saucedemo.com/ "): Navigate to 'https://www.saucedemo.com/' successfully

2023-04-18 13:16:04 - [MESSAGE][PASSED] - Navigate to 'https://www.saucedemo.com/' successfully

2023-04-18 13:16:04 - [TEST_STEP][PASSED] - setText(findTestObject("Login/input_user-name"), username): Text 'locked_out_user' is set on object 'Object Repository/Login/input_user-name'

2023-04-18 13:16:04 - [MESSAGE][PASSED] - Text 'locked_out_user' is set on object 'Object Repository/Login/input_user-name'

2023-04-18 13:16:04 - [TEST_STEP][PASSED] - setText(findTestObject("Login/input_password"), password): Text 'secret_sauce' is set on object 'Object Repository/Login/input_password'

2023-04-18 13:16:05 - [MESSAGE][PASSED] - Text 'secret_sauce' is set on object 'Object Repository/Login/input_password'

2023-04-18 13:16:05 - [TEST_STEP][PASSED] - takeFullPageScreenshot(): Taking screenshot successfully

2023-04-18 13:16:06 - [MESSAGE][INFO] - 0 hidden object(s)

2023-04-18 13:16:06 - [MESSAGE][PASSED] - Taking screenshot successfully
[[ATTACHMENT|C:\\Users\\LENOVO\\git\\Katalon-Data-Driven-Testing\\Reports\\20230418_131522\\TSLog 01 Akun 5 Data Files\\20230418_131522\\1681798565831.png]]

2023-04-18 13:16:06 - [TEST_STEP][PASSED] - click(findTestObject("Login/input_login-button")): Object: 'Object Repository/Login/input_login-button' is clicked on

2023-04-18 13:16:06 - [MESSAGE][PASSED] - Object: 'Object Repository/Login/input_login-button' is clicked on

2023-04-18 13:16:06 - [TEST_STEP][PASSED] - takeFullPageScreenshot(): Taking screenshot successfully

2023-04-18 13:16:07 - [MESSAGE][INFO] - 0 hidden object(s)

2023-04-18 13:16:07 - [MESSAGE][PASSED] - Taking screenshot successfully
[[ATTACHMENT|C:\\Users\\LENOVO\\git\\Katalon-Data-Driven-Testing\\Reports\\20230418_131522\\TSLog 01 Akun 5 Data Files\\20230418_131522\\1681798566865.png]]]]></system-out>
         <system-err><![CDATA[]]></system-err>
      </testcase>
      <testcase name="Test Cases/Login/Positive/TCLog 01 Akun 1 (5 Data files)" time="6.715" classname="Test Cases/Login/Positive/TCLog 01 Akun 1 (5 Data files)" status="PASSED">
         <system-out><![CDATA[2023-04-18 13:16:07 - [TEST_CASE][PASSED] - Test Cases/Login/Positive/TCLog 01 Akun 1 (5 Data files): Test Cases/Login/Positive/TCLog 01 Akun 1 (5 Data files)

2023-04-18 13:16:07 - [TEST_STEP][PASSED] - openBrowser(""): Browser is opened with url: ''

2023-04-18 13:16:07 - [MESSAGE][WARNING] - A browser is already opened. Closing browser and opening a new one

2023-04-18 13:16:08 - [MESSAGE][INFO] - Starting 'Chrome' driver

2023-04-18 13:16:08 - [MESSAGE][INFO] - Action delay is set to 0 milliseconds

2023-04-18 13:16:10 - [MESSAGE][PASSED] - Browser is opened with url: ''

2023-04-18 13:16:10 - [TEST_STEP][PASSED] - navigateToUrl("https://www.saucedemo.com/ "): Navigate to 'https://www.saucedemo.com/' successfully

2023-04-18 13:16:10 - [MESSAGE][PASSED] - Navigate to 'https://www.saucedemo.com/' successfully

2023-04-18 13:16:10 - [TEST_STEP][PASSED] - setText(findTestObject("Login/input_user-name"), username): Text 'epic_user' is set on object 'Object Repository/Login/input_user-name'

2023-04-18 13:16:11 - [MESSAGE][PASSED] - Text 'epic_user' is set on object 'Object Repository/Login/input_user-name'

2023-04-18 13:16:11 - [TEST_STEP][PASSED] - setText(findTestObject("Login/input_password"), password): Text 'secret_sauce' is set on object 'Object Repository/Login/input_password'

2023-04-18 13:16:12 - [MESSAGE][PASSED] - Text 'secret_sauce' is set on object 'Object Repository/Login/input_password'

2023-04-18 13:16:12 - [TEST_STEP][PASSED] - takeFullPageScreenshot(): Taking screenshot successfully

2023-04-18 13:16:13 - [MESSAGE][INFO] - 0 hidden object(s)

2023-04-18 13:16:13 - [MESSAGE][PASSED] - Taking screenshot successfully
[[ATTACHMENT|C:\\Users\\LENOVO\\git\\Katalon-Data-Driven-Testing\\Reports\\20230418_131522\\TSLog 01 Akun 5 Data Files\\20230418_131522\\1681798572685.png]]

2023-04-18 13:16:13 - [TEST_STEP][PASSED] - click(findTestObject("Login/input_login-button")): Object: 'Object Repository/Login/input_login-button' is clicked on

2023-04-18 13:16:13 - [MESSAGE][PASSED] - Object: 'Object Repository/Login/input_login-button' is clicked on

2023-04-18 13:16:13 - [TEST_STEP][PASSED] - takeFullPageScreenshot(): Taking screenshot successfully

2023-04-18 13:16:14 - [MESSAGE][INFO] - 0 hidden object(s)

2023-04-18 13:16:14 - [MESSAGE][PASSED] - Taking screenshot successfully
[[ATTACHMENT|C:\\Users\\LENOVO\\git\\Katalon-Data-Driven-Testing\\Reports\\20230418_131522\\TSLog 01 Akun 5 Data Files\\20230418_131522\\1681798573659.png]]]]></system-out>
         <system-err><![CDATA[]]></system-err>
      </testcase>
      <testcase name="Test Cases/Login/Positive/TCLog 01 Akun 1 (5 Data files)" time="17.651" classname="Test Cases/Login/Positive/TCLog 01 Akun 1 (5 Data files)" status="PASSED">
         <system-out><![CDATA[2023-04-18 13:16:14 - [TEST_CASE][PASSED] - Test Cases/Login/Positive/TCLog 01 Akun 1 (5 Data files): Test Cases/Login/Positive/TCLog 01 Akun 1 (5 Data files)

2023-04-18 13:16:14 - [TEST_STEP][PASSED] - openBrowser(""): Browser is opened with url: ''

2023-04-18 13:16:14 - [MESSAGE][WARNING] - A browser is already opened. Closing browser and opening a new one

2023-04-18 13:16:25 - [MESSAGE][INFO] - Starting 'Chrome' driver

2023-04-18 13:16:25 - [MESSAGE][INFO] - Action delay is set to 0 milliseconds

2023-04-18 13:16:27 - [MESSAGE][PASSED] - Browser is opened with url: ''

2023-04-18 13:16:27 - [TEST_STEP][PASSED] - navigateToUrl("https://www.saucedemo.com/ "): Navigate to 'https://www.saucedemo.com/' successfully

2023-04-18 13:16:28 - [MESSAGE][PASSED] - Navigate to 'https://www.saucedemo.com/' successfully

2023-04-18 13:16:28 - [TEST_STEP][PASSED] - setText(findTestObject("Login/input_user-name"), username): Text 'mythic_user' is set on object 'Object Repository/Login/input_user-name'

2023-04-18 13:16:29 - [MESSAGE][PASSED] - Text 'mythic_user' is set on object 'Object Repository/Login/input_user-name'

2023-04-18 13:16:29 - [TEST_STEP][PASSED] - setText(findTestObject("Login/input_password"), password): Text 'secret_sauce' is set on object 'Object Repository/Login/input_password'

2023-04-18 13:16:30 - [MESSAGE][PASSED] - Text 'secret_sauce' is set on object 'Object Repository/Login/input_password'

2023-04-18 13:16:30 - [TEST_STEP][PASSED] - takeFullPageScreenshot(): Taking screenshot successfully

2023-04-18 13:16:30 - [MESSAGE][INFO] - 0 hidden object(s)

2023-04-18 13:16:30 - [MESSAGE][PASSED] - Taking screenshot successfully
[[ATTACHMENT|C:\\Users\\LENOVO\\git\\Katalon-Data-Driven-Testing\\Reports\\20230418_131522\\TSLog 01 Akun 5 Data Files\\20230418_131522\\1681798590414.png]]

2023-04-18 13:16:30 - [TEST_STEP][PASSED] - click(findTestObject("Login/input_login-button")): Object: 'Object Repository/Login/input_login-button' is clicked on

2023-04-18 13:16:31 - [MESSAGE][PASSED] - Object: 'Object Repository/Login/input_login-button' is clicked on

2023-04-18 13:16:31 - [TEST_STEP][PASSED] - takeFullPageScreenshot(): Taking screenshot successfully

2023-04-18 13:16:31 - [MESSAGE][INFO] - 0 hidden object(s)

2023-04-18 13:16:31 - [MESSAGE][PASSED] - Taking screenshot successfully
[[ATTACHMENT|C:\\Users\\LENOVO\\git\\Katalon-Data-Driven-Testing\\Reports\\20230418_131522\\TSLog 01 Akun 5 Data Files\\20230418_131522\\1681798591410.png]]]]></system-out>
         <system-err><![CDATA[]]></system-err>
      </testcase>
      <system-out><![CDATA[2023-04-18 13:15:26 - [TEST_SUITE][PASSED] - TSLog 01 Akun 5 Data Files: Test Cases/Login/Positive/TCLog 01 Akun 1 (5 Data files)]]></system-out>
      <system-err><![CDATA[]]></system-err>
   </testsuite>
</testsuites>
